<html>
<body>
<pre>
<h1>µVision Build Log</h1>
<h2>Tool Versions:</h2>
IDE-Version: ¦ÌVision V5.26.2.0
Copyright (C) 2018 ARM Ltd and ARM Germany GmbH. All rights reserved.
License Information: Wings  ,  , LIC=JDAY8-39DYM-780FD-8WL0G-FN80L-1AACB
 
Tool Versions:
Toolchain:       MDK-ARM Professional  Version: 5.26.2.0
Toolchain Path:  D:\Keil_v5\ARM\ARMCLANG\Bin
C Compiler:      ArmClang.exe V6.10.1
Assembler:       Armasm.exe V6.10.1
Linker/Locator:  ArmLink.exe V6.10.1
Library Manager: ArmAr.exe V6.10.1
Hex Converter:   FromElf.exe V6.10.1
CPU DLL:         SARMCM3.DLL V5.26.2.0
Dialog DLL:      DCM.DLL V1.17.2.0
Target DLL:      Segger\JL2CM3.dll V2.99.15.0
Dialog DLL:      TCM.DLL V1.36.1.0
 
<h2>Project:</h2>
C:\Users\Wings\Desktop\Keil Workspace\PMSMDriver_F446\MDK-ARM\STM32F446 BLDCM Control.uvprojx
Project File Date:  10/03/2019

<h2>Output:</h2>
*** Using Compiler 'V6.10.1', folder: 'D:\Keil_v5\ARM\ARMCLANG\Bin'
Rebuild target 'STM32F446 BLDCM Control'
assembling startup_stm32f446xx.s...
compiling dma.c...
compiling main.c...
compiling gpio.c...
compiling stm32f4xx_it.c...
compiling adc.c...
compiling spi.c...
compiling stm32f4xx_hal_msp.c...
compiling usart.c...
compiling can.c...
compiling util.c...
compiling tim.c...
compiling AngleTable.c...
compiling MotorConfig.c...
compiling stm32f4xx_ll_gpio.c...
compiling observer.c...
compiling foc.c...
../Src/identify.c(117): error: conflicting types for 'MeasureInductance'
uint8_t MeasureInductance(float targetSampleTimes, float *inductance)
        ^
../Inc\identify.h(38): note: previous declaration is here
uint8_t MeasureInductance(float sampleTimes, float duty,float *inductance);
        ^
../Src/identify.c(298): error: too few arguments to function call, expected 3, have 2
                        flag = MeasureInductance(300.f, &inductance);
                               ~~~~~~~~~~~~~~~~~                   ^
../Inc\identify.h(38): note: 'MeasureInductance' declared here
uint8_t MeasureInductance(float sampleTimes, float duty,float *inductance);
^
2 errors generated.
compiling identify.c...
compiling GateDriver.c...
compiling control.c...
compiling stm32f4xx_hal_adc_ex.c...
compiling stm32f4xx_hal_adc.c...
compiling stm32f4xx_ll_spi.c...
compiling PositionSensor.c...
compiling stm32f4xx_hal_can.c...
compiling stm32f4xx_ll_dma.c...
compiling stm32f4xx_hal_tim_ex.c...
compiling stm32f4xx_ll_tim.c...
compiling stm32f4xx_hal_flash_ramfunc.c...
compiling stm32f4xx_hal_flash.c...
compiling stm32f4xx_hal_rcc.c...
compiling stm32f4xx_hal_flash_ex.c...
compiling stm32f4xx_hal_gpio.c...
compiling stm32f4xx_hal_spi.c...
compiling stm32f4xx_hal_uart.c...
compiling stm32f4xx_hal_rcc_ex.c...
compiling stm32f4xx_hal_dma_ex.c...
compiling stm32f4xx_hal_tim.c...
compiling stm32f4xx_hal_pwr.c...
compiling stm32f4xx_hal_pwr_ex.c...
compiling stm32f4xx_hal_cortex.c...
compiling stm32f4xx_hal_dma.c...
compiling stm32f4xx_hal_exti.c...
compiling stm32f4xx_hal.c...
compiling arm_pid_init_f32.c...
compiling arm_pid_init_q15.c...
compiling stm32f4xx_ll_exti.c...
compiling arm_pid_init_q31.c...
compiling stm32f4xx_ll_utils.c...
compiling stm32f4xx_ll_rcc.c...
compiling arm_pid_reset_f32.c...
compiling arm_pid_reset_q15.c...
compiling arm_pid_reset_q31.c...
compiling arm_sin_cos_f32.c...
compiling arm_cos_f32.c...
compiling arm_sin_cos_q31.c...
compiling arm_cos_q15.c...
compiling arm_cos_q31.c...
compiling arm_sin_f32.c...
compiling arm_sin_q15.c...
compiling arm_sqrt_q15.c...
compiling arm_sin_q31.c...
compiling arm_sqrt_q31.c...
compiling arm_const_structs.c...
compiling system_stm32f4xx.c...
compiling arm_common_tables.c...
"STM32F446 BLDCM Control\STM32F446 BLDCM Control.axf" - 2 Error(s), 0 Warning(s).

<h2>Software Packages used:</h2>

Package Vendor: ARM
                http://www.keil.com/pack/ARM.CMSIS.5.4.0.pack
                ARM.CMSIS.5.4.0
                CMSIS (Cortex Microcontroller Software Interface Standard)
   * Component: CORE Version: 5.1.2

Package Vendor: Keil
                http://www.keil.com/pack/Keil.STM32F4xx_DFP.2.13.0.pack
                Keil.STM32F4xx_DFP.2.13.0
                STMicroelectronics STM32F4 Series Device Support, Drivers and Examples

<h2>Collection of Component include folders:</h2>
  .\RTE\_STM32F446_BLDCM_Control
  D:\Keil_v5\ARM\PACK\ARM\CMSIS\5.4.0\CMSIS\Core\Include
  D:\Keil_v5\ARM\PACK\Keil\STM32F4xx_DFP\2.13.0\Drivers\CMSIS\Device\ST\STM32F4xx\Include

<h2>Collection of Component Files used:</h2>

   * Component: ARM::CMSIS:CORE:5.1.2
Target not created.
Build Time Elapsed:  00:00:03
</pre>
</body>
</html>
